2026-04-06 23:11:19,006 [INFO] 주식 알림 시스템 시작
2026-04-06 23:11:20,046 [INFO] 스케줄 등록 완료
2026-04-06 23:11:20,046 [INFO] 한국장 스캔: 09:00 ~ 15:00 (매 정각)
2026-04-06 23:11:20,046 [INFO] 미국장 스캔: 23:30, 00:00 ~ 06:00 (매 정각)
2026-04-06 23:30:20,113 [INFO] === 미국장 스캔 시작 ===
2026-04-06 23:31:13,023 [ERROR] HTTP Error 404: {"quoteSummary":{"result":null,"error":{"code":"Not Found","description":"Quote not found for symbol: WBA"}}}
2026-04-06 23:31:13,909 [ERROR] $WBA: possibly delisted; no price data found  (period=50d) (Yahoo error = "No data found, symbol may be delisted")
2026-04-06 23:31:13,914 [ERROR] 
1 Failed download:
2026-04-06 23:31:13,916 [ERROR] ['WBA']: possibly delisted; no price data found  (period=50d) (Yahoo error = "No data found, symbol may be delisted")
2026-04-06 23:31:19,001 [ERROR] $SPLK: possibly delisted; no price data found  (period=50d) (Yahoo error = "No data found, symbol may be delisted")
2026-04-06 23:31:19,009 [ERROR] 
1 Failed download:
2026-04-06 23:31:19,010 [ERROR] ['SPLK']: possibly delisted; no price data found  (period=50d) (Yahoo error = "No data found, symbol may be delisted")
2026-04-06 23:31:21,622 [ERROR] $ANSS: possibly delisted; no price data found  (period=50d) (Yahoo error = "No data found, symbol may be delisted")
2026-04-06 23:31:21,623 [ERROR] 
1 Failed download:
2026-04-06 23:31:21,625 [ERROR] ['ANSS']: possibly delisted; no price data found  (period=50d) (Yahoo error = "No data found, symbol may be delisted")
2026-04-06 23:31:24,237 [ERROR] $SGEN: possibly delisted; no price data found  (period=50d) (Yahoo error = "No data found, symbol may be delisted")
2026-04-06 23:31:24,244 [ERROR] 
1 Failed download:
2026-04-06 23:31:24,244 [ERROR] ['SGEN']: possibly delisted; no price data found  (period=50d) (Yahoo error = "No data found, symbol may be delisted")
2026-04-06 23:31:24,955 [INFO] 미국 조건 충족: 0종목
2026-04-07 00:00:26,104 [INFO] === 미국장 스캔 시작 ===
2026-04-07 00:00:58,529 [ERROR] $WBA: possibly delisted; no price data found  (period=50d) (Yahoo error = "No data found, symbol may be delisted")
2026-04-07 00:00:58,530 [ERROR] 
1 Failed download:
2026-04-07 00:00:58,531 [ERROR] ['WBA']: possibly delisted; no price data found  (period=50d) (Yahoo error = "No data found, symbol may be delisted")
2026-04-07 00:01:01,373 [ERROR] $SPLK: possibly delisted; no price data found  (period=50d) (Yahoo error = "No data found, symbol may be delisted")
2026-04-07 00:01:01,374 [ERROR] 
1 Failed download:
2026-04-07 00:01:01,374 [ERROR] ['SPLK']: possibly delisted; no price data found  (period=50d) (Yahoo error = "No data found, symbol may be delisted")
2026-04-07 00:01:02,875 [ERROR] $ANSS: possibly delisted; no price data found  (period=50d) (Yahoo error = "No data found, symbol may be delisted")
2026-04-07 00:01:02,880 [ERROR] 
1 Failed download:
2026-04-07 00:01:02,880 [ERROR] ['ANSS']: possibly delisted; no price data found  (period=50d) (Yahoo error = "No data found, symbol may be delisted")
2026-04-07 00:01:04,142 [ERROR] $SGEN: possibly delisted; no price data found  (period=50d) (Yahoo error = "No data found, symbol may be delisted")
2026-04-07 00:01:04,145 [ERROR] 
1 Failed download:
2026-04-07 00:01:04,145 [ERROR] ['SGEN']: possibly delisted; no price data found  (period=50d) (Yahoo error = "No data found, symbol may be delisted")
2026-04-07 00:01:04,501 [INFO] 미국 조건 충족: 0종목
2026-04-07 02:33:54,165 [INFO] === 미국장 스캔 시작 ===
2026-04-07 10:06:43,155 [ERROR] 텔레그램 전송 실패: HTTPSConnectionPool(host='api.telegram.org', port=443): Max retries exceeded with url: /bot7988743212:AAElyUkBX5eh1S0HvrL9KzUBF6a3PXwgn-c/sendMessage (Caused by NameResolutionError("HTTPSConnection(host='api.telegram.org', port=443): Failed to resolve 'api.telegram.org' ([Errno 11001] getaddrinfo failed)"))
2026-04-07 10:06:45,720 [ERROR] 
1 Failed download:
2026-04-07 10:06:45,729 [ERROR] ['AAPL']: TypeError("'NoneType' object is not subscriptable")
2026-04-07 10:06:46,655 [ERROR] 
1 Failed download:
2026-04-07 10:06:46,661 [ERROR] ['MSFT']: TypeError("'NoneType' object is not subscriptable")
2026-04-07 10:06:46,706 [ERROR] 
1 Failed download:
2026-04-07 10:06:46,709 [ERROR] ['NVDA']: TypeError("'NoneType' object is not subscriptable")
2026-04-07 10:06:46,893 [ERROR] 
1 Failed download:
2026-04-07 10:06:46,904 [ERROR] ['AMZN']: TypeError("'NoneType' object is not subscriptable")
2026-04-07 10:06:46,972 [ERROR] 
1 Failed download:
2026-04-07 10:06:46,973 [ERROR] ['META']: TypeError("'NoneType' object is not subscriptable")
2026-04-07 10:06:47,055 [ERROR] 
1 Failed download:
2026-04-07 10:06:47,067 [ERROR] ['GOOGL']: TypeError("'NoneType' object is not subscriptable")
2026-04-07 10:06:47,127 [ERROR] 
1 Failed download:
2026-04-07 10:06:47,133 [ERROR] ['GOOG']: TypeError("'NoneType' object is not subscriptable")
2026-04-07 10:06:50,137 [ERROR] 
1 Failed download:
2026-04-07 10:06:50,153 [ERROR] ['TSLA']: TypeError("'NoneType' object is not subscriptable")
2026-04-07 10:06:50,373 [ERROR] 
1 Failed download:
2026-04-07 10:06:50,377 [ERROR] ['AVGO']: TypeError("'NoneType' object is not subscriptable")
2026-04-07 10:06:50,536 [ERROR] 
1 Failed download:
2026-04-07 10:06:50,537 [ERROR] ['COST']: TypeError("'NoneType' object is not subscriptable")
2026-04-07 10:06:50,583 [ERROR] 
1 Failed download:
2026-04-07 10:06:50,584 [ERROR] ['NFLX']: TypeError("'NoneType' object is not subscriptable")
2026-04-07 10:06:50,764 [ERROR] 
1 Failed download:
2026-04-07 10:06:50,768 [ERROR] ['AMD']: TypeError("'NoneType' object is not subscriptable")
2026-04-07 10:06:50,843 [ERROR] 
1 Failed download:
2026-04-07 10:06:50,844 [ERROR] ['ADBE']: TypeError("'NoneType' object is not subscriptable")
2026-04-07 10:06:50,881 [ERROR] 
1 Failed download:
2026-04-07 10:06:50,884 [ERROR] ['QCOM']: TypeError("'NoneType' object is not subscriptable")
2026-04-07 10:06:50,915 [ERROR] 
1 Failed download:
2026-04-07 10:06:50,916 [ERROR] ['PEP']: TypeError("'NoneType' object is not subscriptable")
2026-04-07 10:06:50,957 [ERROR] 
1 Failed download:
2026-04-07 10:06:50,958 [ERROR] ['INTC']: TypeError("'NoneType' object is not subscriptable")
2026-04-07 10:06:50,991 [ERROR] 
1 Failed download:
2026-04-07 10:06:50,991 [ERROR] ['INTU']: TypeError("'NoneType' object is not subscriptable")
2026-04-07 10:06:51,028 [ERROR] 
1 Failed download:
2026-04-07 10:06:51,028 [ERROR] ['CSCO']: TypeError("'NoneType' object is not subscriptable")
2026-04-07 10:06:51,067 [ERROR] 
1 Failed download:
2026-04-07 10:06:51,071 [ERROR] ['CMCSA']: TypeError("'NoneType' object is not subscriptable")
2026-04-07 10:06:51,092 [ERROR] 
1 Failed download:
2026-04-07 10:06:51,093 [ERROR] ['TMUS']: TypeError("'NoneType' object is not subscriptable")
2026-04-07 10:06:51,131 [ERROR] 
1 Failed download:
2026-04-07 10:06:51,133 [ERROR] ['AMGN']: TypeError("'NoneType' object is not subscriptable")
2026-04-07 10:06:51,192 [ERROR] 
1 Failed download:
2026-04-07 10:06:51,201 [ERROR] ['TXN']: TypeError("'NoneType' object is not subscriptable")
2026-04-07 10:06:51,283 [ERROR] 
1 Failed download:
2026-04-07 10:06:51,284 [ERROR] ['AMAT']: TypeError("'NoneType' object is not subscriptable")
2026-04-07 10:06:51,341 [ERROR] 
1 Failed download:
2026-04-07 10:06:51,341 [ERROR] ['HON']: TypeError("'NoneType' object is not subscriptable")
2026-04-07 10:06:51,360 [ERROR] 
1 Failed download:
2026-04-07 10:06:51,361 [ERROR] ['BKNG']: TypeError("'NoneType' object is not subscriptable")
2026-04-07 10:06:51,400 [ERROR] 
1 Failed download:
2026-04-07 10:06:51,401 [ERROR] ['ISRG']: TypeError("'NoneType' object is not subscriptable")
2026-04-07 10:06:51,435 [ERROR] 
1 Failed download:
2026-04-07 10:06:51,436 [ERROR] ['VRTX']: TypeError("'NoneType' object is not subscriptable")
2026-04-07 10:06:51,467 [ERROR] 
1 Failed download:
2026-04-07 10:06:51,467 [ERROR] ['REGN']: TypeError("'NoneType' object is not subscriptable")
2026-04-07 10:06:51,485 [ERROR] 
1 Failed download:
2026-04-07 10:06:51,485 [ERROR] ['PANW']: TypeError("'NoneType' object is not subscriptable")
2026-04-07 10:06:51,516 [ERROR] 
1 Failed download:
2026-04-07 10:06:51,517 [ERROR] ['ADP']: TypeError("'NoneType' object is not subscriptable")
2026-04-07 10:06:51,534 [ERROR] 
1 Failed download:
2026-04-07 10:06:51,536 [ERROR] ['GILD']: TypeError("'NoneType' object is not subscriptable")
2026-04-07 10:06:51,571 [ERROR] 
1 Failed download:
2026-04-07 10:06:51,572 [ERROR] ['SBUX']: TypeError("'NoneType' object is not subscriptable")
2026-04-07 10:06:51,593 [ERROR] 
1 Failed download:
2026-04-07 10:06:51,594 [ERROR] ['MU']: TypeError("'NoneType' object is not subscriptable")
2026-04-07 10:06:51,618 [ERROR] 
1 Failed download:
2026-04-07 10:06:51,618 [ERROR] ['LRCX']: TypeError("'NoneType' object is not subscriptable")
2026-04-07 10:06:51,647 [ERROR] 
1 Failed download:
2026-04-07 10:06:51,647 [ERROR] ['ADI']: TypeError("'NoneType' object is not subscriptable")
2026-04-07 10:06:51,689 [ERROR] 
1 Failed download:
2026-04-07 10:06:51,690 [ERROR] ['MDLZ']: TypeError("'NoneType' object is not subscriptable")
2026-04-07 10:06:51,721 [ERROR] 
1 Failed download:
2026-04-07 10:06:51,721 [ERROR] ['MELI']: TypeError("'NoneType' object is not subscriptable")
2026-04-07 10:06:51,768 [ERROR] 
1 Failed download:
2026-04-07 10:06:51,769 [ERROR] ['KLAC']: TypeError("'NoneType' object is not subscriptable")
2026-04-07 10:06:51,790 [ERROR] 
1 Failed download:
2026-04-07 10:06:51,791 [ERROR] ['SNPS']: TypeError("'NoneType' object is not subscriptable")
2026-04-07 10:06:51,820 [ERROR] 
1 Failed download:
2026-04-07 10:06:51,821 [ERROR] ['CDNS']: TypeError("'NoneType' object is not subscriptable")
2026-04-07 10:06:51,844 [ERROR] 
1 Failed download:
2026-04-07 10:06:51,845 [ERROR] ['ASML']: TypeError("'NoneType' object is not subscriptable")
2026-04-07 10:06:51,874 [ERROR] 
1 Failed download:
2026-04-07 10:06:51,874 [ERROR] ['MAR']: TypeError("'NoneType' object is not subscriptable")
2026-04-07 10:06:51,894 [ERROR] 
1 Failed download:
2026-04-07 10:06:51,895 [ERROR] ['PYPL']: TypeError("'NoneType' object is not subscriptable")
2026-04-07 10:06:51,913 [ERROR] 
1 Failed download:
2026-04-07 10:06:51,913 [ERROR] ['CRWD']: TypeError("'NoneType' object is not subscriptable")
2026-04-07 10:06:51,930 [ERROR] 
1 Failed download:
2026-04-07 10:06:51,930 [ERROR] ['CEG']: TypeError("'NoneType' object is not subscriptable")
2026-04-07 10:06:51,950 [ERROR] 
1 Failed download:
2026-04-07 10:06:51,950 [ERROR] ['CTAS']: TypeError("'NoneType' object is not subscriptable")
2026-04-07 10:06:51,987 [ERROR] 
1 Failed download:
2026-04-07 10:06:51,988 [ERROR] ['FTNT']: TypeError("'NoneType' object is not subscriptable")
2026-04-07 10:06:52,009 [ERROR] 
1 Failed download:
2026-04-07 10:06:52,009 [ERROR] ['ABNB']: TypeError("'NoneType' object is not subscriptable")
2026-04-07 10:06:52,026 [ERROR] 
1 Failed download:
2026-04-07 10:06:52,026 [ERROR] ['NXPI']: TypeError("'NoneType' object is not subscriptable")
2026-04-07 10:06:52,046 [ERROR] 
1 Failed download:
2026-04-07 10:06:52,046 [ERROR] ['MRVL']: TypeError("'NoneType' object is not subscriptable")
2026-04-07 10:06:52,077 [ERROR] 
1 Failed download:
2026-04-07 10:06:52,078 [ERROR] ['ORLY']: TypeError("'NoneType' object is not subscriptable")
2026-04-07 10:06:52,102 [ERROR] 
1 Failed download:
2026-04-07 10:06:52,103 [ERROR] ['PCAR']: TypeError("'NoneType' object is not subscriptable")
2026-04-07 10:06:52,122 [ERROR] 
1 Failed download:
2026-04-07 10:06:52,123 [ERROR] ['CPRT']: TypeError("'NoneType' object is not subscriptable")
2026-04-07 10:06:52,157 [ERROR] 
1 Failed download:
2026-04-07 10:06:52,158 [ERROR] ['AZN']: TypeError("'NoneType' object is not subscriptable")
2026-04-07 10:06:52,193 [ERROR] 
1 Failed download:
2026-04-07 10:06:52,195 [ERROR] ['ROST']: TypeError("'NoneType' object is not subscriptable")
2026-04-07 10:06:52,240 [ERROR] 
1 Failed download:
2026-04-07 10:06:52,241 [ERROR] ['MNST']: TypeError("'NoneType' object is not subscriptable")
2026-04-07 10:06:52,271 [ERROR] 
1 Failed download:
2026-04-07 10:06:52,271 [ERROR] ['PAYX']: TypeError("'NoneType' object is not subscriptable")
2026-04-07 10:06:52,327 [ERROR] 
1 Failed download:
2026-04-07 10:06:52,328 [ERROR] ['DXCM']: TypeError("'NoneType' object is not subscriptable")
2026-04-07 10:06:52,360 [ERROR] 
1 Failed download:
2026-04-07 10:06:52,361 [ERROR] ['ODFL']: TypeError("'NoneType' object is not subscriptable")
2026-04-07 10:06:52,394 [ERROR] 
1 Failed download:
2026-04-07 10:06:52,394 [ERROR] ['KDP']: TypeError("'NoneType' object is not subscriptable")
2026-04-07 10:06:52,415 [ERROR] 
1 Failed download:
2026-04-07 10:06:52,417 [ERROR] ['FAST']: TypeError("'NoneType' object is not subscriptable")
2026-04-07 10:06:52,448 [ERROR] 
1 Failed download:
2026-04-07 10:06:52,449 [ERROR] ['VRSK']: TypeError("'NoneType' object is not subscriptable")
2026-04-07 10:06:52,470 [ERROR] 
1 Failed download:
2026-04-07 10:06:52,472 [ERROR] ['CTSH']: TypeError("'NoneType' object is not subscriptable")
2026-04-07 10:06:52,495 [ERROR] 
1 Failed download:
2026-04-07 10:06:52,496 [ERROR] ['BIIB']: TypeError("'NoneType' object is not subscriptable")
2026-04-07 10:06:52,518 [ERROR] 
1 Failed download:
2026-04-07 10:06:52,520 [ERROR] ['GEHC']: TypeError("'NoneType' object is not subscriptable")
2026-04-07 10:06:52,540 [ERROR] 
1 Failed download:
2026-04-07 10:06:52,542 [ERROR] ['EA']: TypeError("'NoneType' object is not subscriptable")
2026-04-07 10:06:52,570 [ERROR] 
1 Failed download:
2026-04-07 10:06:52,570 [ERROR] ['IDXX']: TypeError("'NoneType' object is not subscriptable")
2026-04-07 10:06:52,606 [ERROR] 
1 Failed download:
2026-04-07 10:06:52,606 [ERROR] ['BKR']: TypeError("'NoneType' object is not subscriptable")
2026-04-07 10:06:52,636 [ERROR] 
1 Failed download:
2026-04-07 10:06:52,636 [ERROR] ['EXC']: TypeError("'NoneType' object is not subscriptable")
2026-04-07 10:06:52,652 [ERROR] 
1 Failed download:
2026-04-07 10:06:52,653 [ERROR] ['CCEP']: TypeError("'NoneType' object is not subscriptable")
2026-04-07 10:06:52,687 [ERROR] 
1 Failed download:
2026-04-07 10:06:52,687 [ERROR] ['TTWO']: TypeError("'NoneType' object is not subscriptable")
2026-04-07 10:06:52,722 [ERROR] 
1 Failed download:
2026-04-07 10:06:52,723 [ERROR] ['ON']: TypeError("'NoneType' object is not subscriptable")
2026-04-07 10:06:52,750 [ERROR] 
1 Failed download:
2026-04-07 10:06:52,751 [ERROR] ['XEL']: TypeError("'NoneType' object is not subscriptable")
2026-04-07 10:06:52,771 [ERROR] 
1 Failed download:
2026-04-07 10:06:52,771 [ERROR] ['ZS']: TypeError("'NoneType' object is not subscriptable")
2026-04-07 10:06:52,800 [ERROR] 
1 Failed download:
2026-04-07 10:06:52,801 [ERROR] ['TEAM']: TypeError("'NoneType' object is not subscriptable")
2026-04-07 10:06:52,837 [ERROR] 
1 Failed download:
2026-04-07 10:06:52,838 [ERROR] ['DDOG']: TypeError("'NoneType' object is not subscriptable")
2026-04-07 10:06:52,912 [ERROR] 
1 Failed download:
2026-04-07 10:06:52,915 [ERROR] ['FANG']: TypeError("'NoneType' object is not subscriptable")
2026-04-07 10:06:52,934 [ERROR] 
1 Failed download:
2026-04-07 10:06:52,935 [ERROR] ['GFS']: TypeError("'NoneType' object is not subscriptable")
2026-04-07 10:06:52,958 [ERROR] 
1 Failed download:
2026-04-07 10:06:52,958 [ERROR] ['WBD']: TypeError("'NoneType' object is not subscriptable")
2026-04-07 10:06:52,996 [ERROR] 
1 Failed download:
2026-04-07 10:06:52,996 [ERROR] ['ILMN']: TypeError("'NoneType' object is not subscriptable")
2026-04-07 10:06:53,045 [ERROR] 
1 Failed download:
2026-04-07 10:06:53,045 [ERROR] ['MDB']: TypeError("'NoneType' object is not subscriptable")
2026-04-07 10:06:53,078 [ERROR] 
1 Failed download:
2026-04-07 10:06:53,079 [ERROR] ['ALGN']: TypeError("'NoneType' object is not subscriptable")
2026-04-07 10:06:53,123 [ERROR] 
1 Failed download:
2026-04-07 10:06:53,124 [ERROR] ['LCID']: TypeError("'NoneType' object is not subscriptable")
2026-04-07 10:06:53,145 [ERROR] 
1 Failed download:
2026-04-07 10:06:53,145 [ERROR] ['SIRI']: TypeError("'NoneType' object is not subscriptable")
2026-04-07 10:06:53,162 [ERROR] 
1 Failed download:
2026-04-07 10:06:53,164 [ERROR] ['DLTR']: TypeError("'NoneType' object is not subscriptable")
2026-04-07 10:06:53,196 [ERROR] 
1 Failed download:
2026-04-07 10:06:53,196 [ERROR] ['WBA']: TypeError("'NoneType' object is not subscriptable")
2026-04-07 10:06:53,231 [ERROR] 
1 Failed download:
2026-04-07 10:06:53,231 [ERROR] ['MTCH']: TypeError("'NoneType' object is not subscriptable")
2026-04-07 10:06:53,265 [ERROR] 
1 Failed download:
2026-04-07 10:06:53,266 [ERROR] ['RIVN']: TypeError("'NoneType' object is not subscriptable")
2026-04-07 10:06:53,298 [ERROR] 
1 Failed download:
2026-04-07 10:06:53,300 [ERROR] ['ENPH']: TypeError("'NoneType' object is not subscriptable")
2026-04-07 10:06:53,333 [ERROR] 
1 Failed download:
2026-04-07 10:06:53,333 [ERROR] ['MRNA']: TypeError("'NoneType' object is not subscriptable")
2026-04-07 10:06:53,354 [ERROR] 
1 Failed download:
2026-04-07 10:06:53,355 [ERROR] ['PDD']: TypeError("'NoneType' object is not subscriptable")
2026-04-07 10:06:53,389 [ERROR] 
1 Failed download:
2026-04-07 10:06:53,390 [ERROR] ['OKTA']: TypeError("'NoneType' object is not subscriptable")
2026-04-07 10:06:53,421 [ERROR] 
1 Failed download:
2026-04-07 10:06:53,422 [ERROR] ['SPLK']: TypeError("'NoneType' object is not subscriptable")
2026-04-07 10:06:53,454 [ERROR] 
1 Failed download:
2026-04-07 10:06:53,456 [ERROR] ['CDW']: TypeError("'NoneType' object is not subscriptable")
2026-04-07 10:06:53,497 [ERROR] 
1 Failed download:
2026-04-07 10:06:53,498 [ERROR] ['EBAY']: TypeError("'NoneType' object is not subscriptable")
2026-04-07 10:06:53,540 [ERROR] 
1 Failed download:
2026-04-07 10:06:53,541 [ERROR] ['ANSS']: TypeError("'NoneType' object is not subscriptable")
2026-04-07 10:06:53,580 [ERROR] 
1 Failed download:
2026-04-07 10:06:53,580 [ERROR] ['LULU']: TypeError("'NoneType' object is not subscriptable")
2026-04-07 10:06:53,618 [ERROR] 
1 Failed download:
2026-04-07 10:06:53,618 [ERROR] ['WDAY']: TypeError("'NoneType' object is not subscriptable")
2026-04-07 10:06:53,637 [ERROR] 
1 Failed download:
2026-04-07 10:06:53,638 [ERROR] ['SGEN']: TypeError("'NoneType' object is not subscriptable")
2026-04-07 10:06:53,674 [ERROR] 
1 Failed download:
2026-04-07 10:06:53,675 [ERROR] ['CHTR']: TypeError("'NoneType' object is not subscriptable")
2026-04-07 10:06:53,685 [INFO] 미국 조건 충족: 0종목
2026-04-07 10:06:53,751 [ERROR] 텔레그램 전송 실패: HTTPSConnectionPool(host='api.telegram.org', port=443): Max retries exceeded with url: /bot7988743212:AAElyUkBX5eh1S0HvrL9KzUBF6a3PXwgn-c/sendMessage (Caused by NameResolutionError("HTTPSConnection(host='api.telegram.org', port=443): Failed to resolve 'api.telegram.org' ([Errno 11001] getaddrinfo failed)"))
2026-04-07 10:06:53,762 [INFO] 미국장 운영 시간 외 (10:06) — 스킵
2026-04-07 10:07:23,858 [INFO] 미국장 운영 시간 외 (10:07) — 스킵
2026-04-07 10:07:23,918 [INFO] 미국장 운영 시간 외 (10:07) — 스킵
2026-04-07 10:07:23,920 [INFO] 미국장 운영 시간 외 (10:07) — 스킵
2026-04-07 10:07:23,922 [INFO] 미국장 운영 시간 외 (10:07) — 스킵
2026-04-07 10:07:23,922 [INFO] === 한국장 스캔 시작 ===
2026-04-07 10:07:34,192 [ERROR] 텔레그램 전송 실패: HTTPSConnectionPool(host='api.telegram.org', port=443): Max retries exceeded with url: /bot7988743212:AAElyUkBX5eh1S0HvrL9KzUBF6a3PXwgn-c/sendMessage (Caused by ConnectTimeoutError(<HTTPSConnection(host='api.telegram.org', port=443) at 0x23e2579f550>, 'Connection to api.telegram.org timed out. (connect timeout=10)'))
